Arguments: 
  C:\Program Files\nodejs\node.exe C:\Users\ajise\AppData\Roaming\npm\node_modules\yarn\bin\yarn.js add bcrypt

PATH: 
  C:\Users\ajise\bin;C:\Program Files\Git\mingw64\bin;C:\Program Files\Git\usr\local\bin;C:\Program Files\Git\usr\bin;C:\Program Files\Git\usr\bin;C:\Program Files\Git\mingw64\bin;C:\Program Files\Git\usr\bin;C:\Users\ajise\bin;C:\Program Files\Microsoft\jdk-11.0.12.7-hotspot\bin;C:\Program Files (x86)\Common Files\Oracle\Java\javapath;C:\Windows\system32;C:\Windows;C:\Windows\System32\Wbem;C:\Windows\System32\WindowsPowerShell\v1.0;C:\Windows\System32\OpenSSH;C:\Program Files (x86)\NVIDIA Corporation\PhysX\Common;C:\Program Files\NVIDIA Corporation\NVIDIA NvDLISR;C:\Program Files\Git\cmd;C:\WINDOWS\system32;C:\WINDOWS;C:\WINDOWS\System32\Wbem;C:\WINDOWS\System32\WindowsPowerShell\v1.0;C:\WINDOWS\System32\OpenSSH;C:\Program Files\dotnet;C:\Program Files\PuTTY;C:\Program Files\nodejs;C:\Users\ajise\AppData\Local\Microsoft\WindowsApps;C:\Users\ajise\AppData\Local\Programs\Microsoft VS Code\bin;C:\Program Files\heroku\bin;C:\Program Files\Java\apache-maven-3.8.6\bin;C:\Program Files\Java\jdk1.8.0_202\bin;C:\Users\ajise\.dotnet\tools;C:\Users\ajise\AppData\Roaming\npm;C:\Program Files\Git\usr\bin\vendor_perl;C:\Program Files\Git\usr\bin\core_perl

Yarn version: 
  1.22.19

Node version: 
  18.14.0

Platform: 
  win32 x64

Trace: 
  Error: connect ETIMEDOUT 2606:4700::6810:1523:443
      at TCPConnectWrap.afterConnect [as oncomplete] (node:net:1494:16)

npm manifest: 
  {
    "name": "backend-mims-api",
    "version": "1.0.0",
    "description": "REST API FOR MIMS",
    "main": "index.js",
    "scripts": {
      "start": "nodemon index",
      "test": "echo \"Error: no test specified\" && exit 1"
    },
    "repository": {
      "type": "git",
      "url": "http://10.14.158.185/aji.setiaji/backend-mims-api.git"
    },
    "type": "module",
    "keywords": [
      "backend-mims-api"
    ],
    "author": "DEVMIMS2023",
    "license": "MIT",
    "dependencies": {
      "bcrypt": "^5.1.0",
      "compression": "^1.7.4",
      "cookie-parser": "^1.4.6",
      "cors": "^2.8.5",
      "dotenv": "^16.0.3",
      "express": "^4.18.2",
      "helmet": "^6.0.1",
      "jsonwebtoken": "^9.0.0",
      "knex": "^2.4.0",
      "nodemon": "^2.0.20",
      "pg": "^8.8.0"
    }
  }

yarn manifest: 
  No manifest

Lockfile: 
  No lockfile
